<?xml version="1.0" encoding="UTF-8"?>
<!-- Generated by org.testng.reporters.JUnitXMLReporter -->
<testsuite hostname="DESKTOP-9445UGT" ignored="0" name="Nopackage" tests="2" failures="1" timestamp="15 Jul 2019 04:58:35 GMT" time="29.995" errors="0">
  <testcase name="feature" time="16.03" classname="cucumber.api.testng.AbstractTestNGCucumberTests">
    <failure type="cucumber.runtime.CucumberException" message="java.lang.NullPointerException">
      <![CDATA[cucumber.runtime.CucumberException: java.lang.NullPointerException
at cucumber.api.testng.TestNGCucumberRunner.runCucumber(TestNGCucumberRunner.java:69)
at cucumber.api.testng.AbstractTestNGCucumberTests.feature(AbstractTestNGCucumberTests.java:21)
Caused by: java.lang.NullPointerException
at org.openqa.selenium.support.pagefactory.internal.LocatingElementHandler.invoke(LocatingElementHandler.java:51)
at com.sun.proxy.$Proxy18.click(Unknown Source)
at com.stepdef.StepDef.i_CLick_on_Sing_In_or_Create_Account(StepDef.java:38)
at âœ½.And I CLick on Sing In or Create Account(Cucumber/Cucumber.feature:6)
... Removed 29 stack frames]]>
    </failure>
  </testcase> <!-- feature -->
  <testcase name="feature" time="11.91" classname="cucumber.api.testng.AbstractTestNGCucumberTests"/>
</testsuite> <!-- Nopackage -->
